<?xml version="1.0" encoding="UTF-8"?>
<testng-results ignored="0" total="2" passed="2" failed="0" skipped="0">
  <reporter-output>
  </reporter-output>
  <suite started-at="2024-12-17T13:14:48 IST" name="Suite" finished-at="2024-12-17T13:15:03 IST" duration-ms="15239">
    <groups>
    </groups>
    <test started-at="2024-12-17T13:14:48 IST" name="Test" finished-at="2024-12-17T13:15:03 IST" duration-ms="15239">
      <class name="practiceAuto.DataProviderExel">
        <test-method is-config="true" signature="startReport()[pri:0, instance:practiceAuto.DataProviderExel@36bc55de]" started-at="2024-12-17T13:14:48 IST" name="startReport" finished-at="2024-12-17T13:14:48 IST" duration-ms="184" status="PASS">
          <reporter-output>
          </reporter-output>
        </test-method> <!-- startReport -->
        <test-method signature="search(java.lang.String)[pri:0, instance:practiceAuto.DataProviderExel@36bc55de]" started-at="2024-12-17T13:14:48 IST" name="search" data-provider="searchDataXlx" finished-at="2024-12-17T13:14:57 IST" duration-ms="8097" status="PASS">
          <params>
            <param index="0">
              <value>
                <![CDATA[facebook]]>
              </value>
            </param>
          </params>
          <reporter-output>
          </reporter-output>
        </test-method> <!-- search -->
        <test-method is-config="true" signature="getTestResult(org.testng.ITestResult)[pri:0, instance:practiceAuto.DataProviderExel@36bc55de]" started-at="2024-12-17T13:14:57 IST" name="getTestResult" finished-at="2024-12-17T13:14:57 IST" duration-ms="4" status="PASS">
          <params>
            <param index="0">
              <value>
                <![CDATA[[TestResult name=search status=SUCCESS method=DataProviderExel.search(java.lang.String)[pri:0, instance:practiceAuto.DataProviderExel@36bc55de] output={null}]]]>
              </value>
            </param>
          </params>
          <reporter-output>
          </reporter-output>
        </test-method> <!-- getTestResult -->
        <test-method signature="search(java.lang.String)[pri:0, instance:practiceAuto.DataProviderExel@36bc55de]" started-at="2024-12-17T13:14:57 IST" name="search" data-provider="searchDataXlx" finished-at="2024-12-17T13:15:03 IST" duration-ms="6047" status="PASS">
          <params>
            <param index="0">
              <value>
                <![CDATA[taj Mahal]]>
              </value>
            </param>
          </params>
          <reporter-output>
          </reporter-output>
        </test-method> <!-- search -->
        <test-method is-config="true" signature="getTestResult(org.testng.ITestResult)[pri:0, instance:practiceAuto.DataProviderExel@36bc55de]" started-at="2024-12-17T13:15:03 IST" name="getTestResult" finished-at="2024-12-17T13:15:03 IST" duration-ms="1" status="PASS">
          <params>
            <param index="0">
              <value>
                <![CDATA[[TestResult name=search status=SUCCESS method=DataProviderExel.search(java.lang.String)[pri:0, instance:practiceAuto.DataProviderExel@36bc55de] output={null}]]]>
              </value>
            </param>
          </params>
          <reporter-output>
          </reporter-output>
        </test-method> <!-- getTestResult -->
        <test-method is-config="true" signature="reportcollect()[pri:0, instance:practiceAuto.DataProviderExel@36bc55de]" started-at="2024-12-17T13:15:03 IST" name="reportcollect" finished-at="2024-12-17T13:15:03 IST" duration-ms="372" status="PASS">
          <reporter-output>
          </reporter-output>
        </test-method> <!-- reportcollect -->
      </class> <!-- practiceAuto.DataProviderExel -->
    </test> <!-- Test -->
  </suite> <!-- Suite -->
</testng-results>
