<?xml version="1.0" encoding="UTF-8"?>
<testng-results ignored="0" total="2" passed="2" failed="0" skipped="0">
  <reporter-output>
  </reporter-output>
  <suite started-at="2024-12-17T10:49:11 IST" name="Default suite" finished-at="2024-12-17T10:49:24 IST" duration-ms="12992">
    <groups>
    </groups>
    <test started-at="2024-12-17T10:49:11 IST" name="Default test" finished-at="2024-12-17T10:49:24 IST" duration-ms="12992">
      <class name="practiceAuto.DataProviderExel">
        <test-method is-config="true" signature="startReport()[pri:0, instance:practiceAuto.DataProviderExel@4e5ed836]" started-at="2024-12-17T10:49:11 IST" name="startReport" finished-at="2024-12-17T10:49:11 IST" duration-ms="177" status="PASS">
          <reporter-output>
          </reporter-output>
        </test-method> <!-- startReport -->
        <test-method signature="search(java.lang.String)[pri:0, instance:practiceAuto.DataProviderExel@4e5ed836]" started-at="2024-12-17T10:49:12 IST" name="search" data-provider="searchDataXlx" finished-at="2024-12-17T10:49:18 IST" duration-ms="6414" status="PASS">
          <params>
            <param index="0">
              <value>
                <![CDATA[facebook]]>
              </value>
            </param>
          </params>
          <reporter-output>
          </reporter-output>
        </test-method> <!-- search -->
        <test-method is-config="true" signature="getTestResult(org.testng.ITestResult)[pri:0, instance:practiceAuto.DataProviderExel@4e5ed836]" started-at="2024-12-17T10:49:18 IST" name="getTestResult" finished-at="2024-12-17T10:49:18 IST" duration-ms="3" status="PASS">
          <params>
            <param index="0">
              <value>
                <![CDATA[[TestResult name=search status=SUCCESS method=DataProviderExel.search(java.lang.String)[pri:0, instance:practiceAuto.DataProviderExel@4e5ed836] output={null}]]]>
              </value>
            </param>
          </params>
          <reporter-output>
          </reporter-output>
        </test-method> <!-- getTestResult -->
        <test-method signature="search(java.lang.String)[pri:0, instance:practiceAuto.DataProviderExel@4e5ed836]" started-at="2024-12-17T10:49:18 IST" name="search" data-provider="searchDataXlx" finished-at="2024-12-17T10:49:24 IST" duration-ms="5698" status="PASS">
          <params>
            <param index="0">
              <value>
                <![CDATA[taj Mahal]]>
              </value>
            </param>
          </params>
          <reporter-output>
          </reporter-output>
        </test-method> <!-- search -->
        <test-method is-config="true" signature="getTestResult(org.testng.ITestResult)[pri:0, instance:practiceAuto.DataProviderExel@4e5ed836]" started-at="2024-12-17T10:49:24 IST" name="getTestResult" finished-at="2024-12-17T10:49:24 IST" duration-ms="0" status="PASS">
          <params>
            <param index="0">
              <value>
                <![CDATA[[TestResult name=search status=SUCCESS method=DataProviderExel.search(java.lang.String)[pri:0, instance:practiceAuto.DataProviderExel@4e5ed836] output={null}]]]>
              </value>
            </param>
          </params>
          <reporter-output>
          </reporter-output>
        </test-method> <!-- getTestResult -->
        <test-method is-config="true" signature="reportcollect()[pri:0, instance:practiceAuto.DataProviderExel@4e5ed836]" started-at="2024-12-17T10:49:24 IST" name="reportcollect" finished-at="2024-12-17T10:49:24 IST" duration-ms="214" status="PASS">
          <reporter-output>
          </reporter-output>
        </test-method> <!-- reportcollect -->
      </class> <!-- practiceAuto.DataProviderExel -->
    </test> <!-- Default test -->
  </suite> <!-- Default suite -->
</testng-results>
